AndroidStudio/build/outputs/logs/manifest-merger-defaultFlavor-debug-report.txt
-- Merging decision tree log ---
manifest
ADDED from src\main\AndroidManifest.xml:2:1-65:12
	package
		ADDED from src\main\AndroidManifest.xml:4:5-35
	android:versionName
		ADDED from src\main\AndroidManifest.xml:6:5-35
	xmlns:tools
		ADDED from src\main\AndroidManifest.xml:3:5-51
	android:versionCode
		ADDED from src\main\AndroidManifest.xml:5:5-29
		INJECTED from src\main\AndroidManifest.xml
		INJECTED from src\main\AndroidManifest.xml
	xmlns:android
		ADDED from src\main\AndroidManifest.xml:2:11-69
uses-sdk
ADDED from src\main\AndroidManifest.xml:8:5-10:41
MERGED from [com.android.support:appcompat-v7:23.1.1] AndroidManifest.xml:20:5-43
MERGED from [com.android.support:support-v4:23.1.1] AndroidManifest.xml:20:5-43
MERGED from [com.android.support:recyclerview-v7:23.1.1] AndroidManifest.xml:20:5-43
MERGED from [com.android.support:support-v4:23.1.1] AndroidManifest.xml:20:5-43
MERGED from [com.android.support:design:23.1.1] AndroidManifest.xml:20:5-43
MERGED from [com.android.support:appcompat-v7:23.1.1] AndroidManifest.xml:20:5-43
MERGED from [com.android.support:support-v4:23.1.1] AndroidManifest.xml:20:5-43
MERGED from [com.android.support:recyclerview-v7:23.1.1] AndroidManifest.xml:20:5-43
MERGED from [com.android.support:support-v4:23.1.1] AndroidManifest.xml:20:5-43
MERGED from [com.android.support:support-v4:23.1.1] AndroidManifest.xml:20:5-43
MERGED from [com.google.android.gms:play-services-analytics:7.0.0] AndroidManifest.xml:18:5-42
MERGED from [com.google.android.gms:play-services-base:7.0.0] AndroidManifest.xml:18:5-42
MERGED from [com.android.support:support-v4:23.1.1] AndroidManifest.xml:20:5-43
MERGED from [:Common-2016.2.504-trial-release:] AndroidManifest.xml:7:5-9:41
MERGED from [:Data-2016.2.504-trial-release:] AndroidManifest.xml:7:5-9:41
MERGED from [:Primitives-2016.2.504-trial-release:] AndroidManifest.xml:7:5-9:41
MERGED from [:Input-2016.2.504-trial-release:] AndroidManifest.xml:7:5-9:41
MERGED from [:Chart-2016.2.504-trial-release:] AndroidManifest.xml:7:5-9:41
MERGED from [:List-2016.2.504-trial-release:] AndroidManifest.xml:7:5-9:41
MERGED from [:Feedback-2016.2.504-trial-release:] AndroidManifest.xml:7:5-9:41
MERGED from [com.facebook.fresco:fresco:0.5.0] AndroidManifest.xml:5:5-7:41
MERGED from [com.facebook.fresco:drawee:0.5.0] AndroidManifest.xml:5:5-7:41
MERGED from [com.android.support:support-v4:23.1.1] AndroidManifest.xml:20:5-43
MERGED from [com.facebook.fresco:fbcore:0.5.0] AndroidManifest.xml:5:5-7:41
MERGED from [com.facebook.fresco:fbcore:0.5.0] AndroidManifest.xml:5:5-7:41
MERGED from [com.facebook.fresco:imagepipeline:0.5.0] AndroidManifest.xml:5:5-7:41
MERGED from [com.android.support:support-v4:23.1.1] AndroidManifest.xml:20:5-43
MERGED from [com.facebook.fresco:fbcore:0.5.0] AndroidManifest.xml:5:5-7:41
	android:targetSdkVersion
		ADDED from src\main\AndroidManifest.xml:10:9-38
		INJECTED from src\main\AndroidManifest.xml
		INJECTED from src\main\AndroidManifest.xml
	android:minSdkVersion
		ADDED from src\main\AndroidManifest.xml:9:9-35
		INJECTED from src\main\AndroidManifest.xml
		INJECTED from src\main\AndroidManifest.xml
uses-permission#android.permission.INTERNET
ADDED from src\main\AndroidManifest.xml:12:5-67
	android:name
		ADDED from src\main\AndroidManifest.xml:12:22-64
uses-permission#android.permission.ACCESS_NETWORK_STATE
ADDED from src\main\AndroidManifest.xml:13:5-79
	android:name
		ADDED from src\main\AndroidManifest.xml:13:22-76
application
ADDED from src\main\AndroidManifest.xml:15:5-63:19
MERGED from [com.android.support:appcompat-v7:23.1.1] AndroidManifest.xml:22:5-20
MERGED from [com.android.support:support-v4:23.1.1] AndroidManifest.xml:22:5-20
MERGED from [com.android.support:support-v4:23.1.1] AndroidManifest.xml:22:5-20
MERGED from [com.android.support:design:23.1.1] AndroidManifest.xml:22:5-20
MERGED from [com.android.support:appcompat-v7:23.1.1] AndroidManifest.xml:22:5-20
MERGED from [com.android.support:support-v4:23.1.1] AndroidManifest.xml:22:5-20
MERGED from [com.android.support:support-v4:23.1.1] AndroidManifest.xml:22:5-20
MERGED from [com.android.support:support-v4:23.1.1] AndroidManifest.xml:22:5-20
MERGED from [com.google.android.gms:play-services-analytics:7.0.0] AndroidManifest.xml:19:5-20
MERGED from [com.google.android.gms:play-services-base:7.0.0] AndroidManifest.xml:20:5-24:19
MERGED from [com.android.support:support-v4:23.1.1] AndroidManifest.xml:22:5-20
MERGED from [:Common-2016.2.504-trial-release:] AndroidManifest.xml:11:5-12:19
MERGED from [:Data-2016.2.504-trial-release:] AndroidManifest.xml:11:5-12:19
MERGED from [:Primitives-2016.2.504-trial-release:] AndroidManifest.xml:11:5-12:19
MERGED from [:Input-2016.2.504-trial-release:] AndroidManifest.xml:11:5-12:19
MERGED from [:Chart-2016.2.504-trial-release:] AndroidManifest.xml:11:5-12:19
MERGED from [:List-2016.2.504-trial-release:] AndroidManifest.xml:11:5-12:19
MERGED from [:Feedback-2016.2.504-trial-release:] AndroidManifest.xml:11:5-32:19
MERGED from [com.android.support:support-v4:23.1.1] AndroidManifest.xml:22:5-20
MERGED from [com.android.support:support-v4:23.1.1] AndroidManifest.xml:22:5-20
	android:label
		ADDED from src\main\AndroidManifest.xml:19:9-40
	android:allowBackup
		ADDED from src\main\AndroidManifest.xml:17:9-35
	android:icon
		ADDED from src\main\AndroidManifest.xml:18:9-45
	android:theme
		ADDED from src\main\AndroidManifest.xml:21:9-48
	android:logo
		ADDED from src\main\AndroidManifest.xml:20:9-46
	android:name
		ADDED from src\main\AndroidManifest.xml:16:9-58
service#com.google.android.gms.tagmanager.InstallReferrerService
ADDED from src\main\AndroidManifest.xml:22:9-91
	android:name
		ADDED from src\main\AndroidManifest.xml:22:18-89
receiver#com.google.android.gms.tagmanager.InstallReferrerReceiver
ADDED from src\main\AndroidManifest.xml:23:9-29:20
	android:exported
		ADDED from src\main\AndroidManifest.xml:25:13-36
	android:name
		ADDED from src\main\AndroidManifest.xml:24:13-85
intent-filter#com.android.vending.INSTALL_REFERRER
ADDED from src\main\AndroidManifest.xml:26:13-28:29
action#com.android.vending.INSTALL_REFERRER
ADDED from src\main\AndroidManifest.xml:27:17-79
	android:name
		ADDED from src\main\AndroidManifest.xml:27:25-76
activity#com.telerik.examples.LoadingActivity
ADDED from src\main\AndroidManifest.xml:30:9-39:20
	android:noHistory
		ADDED from src\main\AndroidManifest.xml:32:13-37
	android:theme
		ADDED from src\main\AndroidManifest.xml:33:13-57
	android:name
		ADDED from src\main\AndroidManifest.xml:31:13-64
intent-filter#android.intent.action.MAIN+android.intent.category.LAUNCHER
ADDED from src\main\AndroidManifest.xml:34:13-38:29
action#android.intent.action.MAIN
ADDED from src\main\AndroidManifest.xml:35:17-69
	android:name
		ADDED from src\main\AndroidManifest.xml:35:25-66
category#android.intent.category.LAUNCHER
ADDED from src\main\AndroidManifest.xml:37:17-77
	android:name
		ADDED from src\main\AndroidManifest.xml:37:27-74
activity#com.telerik.examples.MainActivity
ADDED from src\main\AndroidManifest.xml:40:9-45:20
	android:launchMode
		ADDED from src\main\AndroidManifest.xml:42:13-43
	android:theme
		ADDED from src\main\AndroidManifest.xml:43:13-57
	android:name
		ADDED from src\main\AndroidManifest.xml:41:13-61
activity#com.telerik.examples.ExampleGroupActivity
ADDED from src\main\AndroidManifest.xml:46:9-48:60
	android:theme
		ADDED from src\main\AndroidManifest.xml:48:13-57
	android:name
		ADDED from src\main\AndroidManifest.xml:47:13-69
activity#com.telerik.examples.ExampleInfoActivity
ADDED from src\main\AndroidManifest.xml:49:9-51:60
	android:theme
		ADDED from src\main\AndroidManifest.xml:51:13-57
	android:name
		ADDED from src\main\AndroidManifest.xml:50:13-68
activity#com.telerik.examples.ExampleActivity
ADDED from src\main\AndroidManifest.xml:52:9-54:66
	android:windowSoftInputMode
		ADDED from src\main\AndroidManifest.xml:53:13-73
	android:name
		ADDED from src\main\AndroidManifest.xml:54:13-64
activity#com.telerik.examples.ViewCodeActivity
ADDED from src\main\AndroidManifest.xml:55:9-58:59
	android:label
		ADDED from src\main\AndroidManifest.xml:57:13-61
	android:theme
		ADDED from src\main\AndroidManifest.xml:58:13-57
	android:name
		ADDED from src\main\AndroidManifest.xml:56:13-65
activity#com.telerik.examples.SettingsActivity
ADDED from src\main\AndroidManifest.xml:59:9-62:59
	android:label
		ADDED from src\main\AndroidManifest.xml:61:13-60
	android:theme
		ADDED from src\main\AndroidManifest.xml:62:13-57
	android:name
		ADDED from src\main\AndroidManifest.xml:60:13-65
meta-data#com.google.android.gms.version
ADDED from [com.google.android.gms:play-services-base:7.0.0] AndroidManifest.xml:21:9-23:69
	android:value
		ADDED from [com.google.android.gms:play-services-base:7.0.0] AndroidManifest.xml:23:13-66
	android:name
		ADDED from [com.google.android.gms:play-services-base:7.0.0] AndroidManifest.xml:22:13-58
activity#com.telerik.widget.feedback.SendFeedbackActivity
ADDED from [:Feedback-2016.2.504-trial-release:] AndroidManifest.xml:12:9-16:20
	android:label
		ADDED from [:Feedback-2016.2.504-trial-release:] AndroidManifest.xml:14:13-65
	android:theme
		ADDED from [:Feedback-2016.2.504-trial-release:] AndroidManifest.xml:15:13-50
	android:name
		ADDED from [:Feedback-2016.2.504-trial-release:] AndroidManifest.xml:13:13-76
activity#com.telerik.widget.feedback.ViewFeedbackActivity
ADDED from [:Feedback-2016.2.504-trial-release:] AndroidManifest.xml:17:9-21:20
	android:label
		ADDED from [:Feedback-2016.2.504-trial-release:] AndroidManifest.xml:19:13-65
	android:theme
		ADDED from [:Feedback-2016.2.504-trial-release:] AndroidManifest.xml:20:13-50
	android:name
		ADDED from [:Feedback-2016.2.504-trial-release:] AndroidManifest.xml:18:13-76
activity#com.telerik.widget.feedback.ViewFeedbackItemActivity
ADDED from [:Feedback-2016.2.504-trial-release:] AndroidManifest.xml:22:9-26:20
	android:label
		ADDED from [:Feedback-2016.2.504-trial-release:] AndroidManifest.xml:24:13-65
	android:theme
		ADDED from [:Feedback-2016.2.504-trial-release:] AndroidManifest.xml:25:13-50
	android:name
		ADDED from [:Feedback-2016.2.504-trial-release:] AndroidManifest.xml:23:13-80
activity#com.telerik.widget.feedback.EditDetailsActivity
ADDED from [:Feedback-2016.2.504-trial-release:] AndroidManifest.xml:27:9-31:20
	android:label
		ADDED from [:Feedback-2016.2.504-trial-release:] AndroidManifest.xml:29:13-64
	android:theme
		ADDED from [:Feedback-2016.2.504-trial-release:] AndroidManifest.xml:30:13-50
	android:name
		ADDED from [:Feedback-2016.2.504-trial-release:] AndroidManifest.xml:28:13-75